
-------------------------------------------------------------------------------
   ROBOCOPY     ::     Robust File Copy for Windows                              
-------------------------------------------------------------------------------

  Started : Thursday, January 29, 2026 4:44:14 PM
   Source : D:\BOOKKEEPING\YourBooks\client\app\
     Dest : D:\BOOKKEEPING\client\app\

    Files : *.*
	    
  Options : *.* /S /E /DCOPY:DA /COPY:DAT /NP /XO /R:0 /W:0 

------------------------------------------------------------------------------

	                   3	D:\BOOKKEEPING\YourBooks\client\app\
	                   1	D:\BOOKKEEPING\YourBooks\client\app\(auth)\
	                   1	D:\BOOKKEEPING\YourBooks\client\app\(auth)\login\
	                   1	D:\BOOKKEEPING\YourBooks\client\app\(auth)\onboarding\
	                   1	D:\BOOKKEEPING\YourBooks\client\app\(auth)\register\
	                   1	D:\BOOKKEEPING\YourBooks\client\app\(dashboard)\
	                   1	D:\BOOKKEEPING\YourBooks\client\app\(dashboard)\[orgSlug]\
	                   1	D:\BOOKKEEPING\YourBooks\client\app\(dashboard)\[orgSlug]\accounts-payable\
	                   1	D:\BOOKKEEPING\YourBooks\client\app\(dashboard)\[orgSlug]\accounts-payable\bills\
	                   1	D:\BOOKKEEPING\YourBooks\client\app\(dashboard)\[orgSlug]\accounts-payable\bills\new\
	                   1	D:\BOOKKEEPING\YourBooks\client\app\(dashboard)\[orgSlug]\accounts-payable\bills\[id]\
	                   1	D:\BOOKKEEPING\YourBooks\client\app\(dashboard)\[orgSlug]\accounts-payable\bills\[id]\edit\
	                   1	D:\BOOKKEEPING\YourBooks\client\app\(dashboard)\[orgSlug]\accounts-payable\vendors\
	                   1	D:\BOOKKEEPING\YourBooks\client\app\(dashboard)\[orgSlug]\accounts-payable\vendors\[id]\
	                   0	D:\BOOKKEEPING\YourBooks\client\app\(dashboard)\[orgSlug]\accounts-receivable\
	                   1	D:\BOOKKEEPING\YourBooks\client\app\(dashboard)\[orgSlug]\accounts-receivable\customers\
	                   1	D:\BOOKKEEPING\YourBooks\client\app\(dashboard)\[orgSlug]\accounts-receivable\customers\[id]\
	                   1	D:\BOOKKEEPING\YourBooks\client\app\(dashboard)\[orgSlug]\accounts-receivable\customers\[id]\edit\
	                   1	D:\BOOKKEEPING\YourBooks\client\app\(dashboard)\[orgSlug]\accounts-receivable\invoices\
	                   1	D:\BOOKKEEPING\YourBooks\client\app\(dashboard)\[orgSlug]\accounts-receivable\invoices\command-center\
	                   1	D:\BOOKKEEPING\YourBooks\client\app\(dashboard)\[orgSlug]\accounts-receivable\invoices\new\
	                   1	D:\BOOKKEEPING\YourBooks\client\app\(dashboard)\[orgSlug]\accounts-receivable\invoices\new-intelligent\
	                   1	D:\BOOKKEEPING\YourBooks\client\app\(dashboard)\[orgSlug]\accounts-receivable\invoices\[id]\
	                   0	D:\BOOKKEEPING\YourBooks\client\app\(dashboard)\[orgSlug]\banking\
	                   1	D:\BOOKKEEPING\YourBooks\client\app\(dashboard)\[orgSlug]\banking\accounts\
	                   1	D:\BOOKKEEPING\YourBooks\client\app\(dashboard)\[orgSlug]\banking\accounts\[id]\
	                   1	D:\BOOKKEEPING\YourBooks\client\app\(dashboard)\[orgSlug]\banking\transfers\
	                   0	D:\BOOKKEEPING\YourBooks\client\app\(dashboard)\[orgSlug]\costing\
	                   1	D:\BOOKKEEPING\YourBooks\client\app\(dashboard)\[orgSlug]\costing\landed-costs\
	                   1	D:\BOOKKEEPING\YourBooks\client\app\(dashboard)\[orgSlug]\costing\revaluations\
	                   1	D:\BOOKKEEPING\YourBooks\client\app\(dashboard)\[orgSlug]\costing\revaluations\new\
	                   1	D:\BOOKKEEPING\YourBooks\client\app\(dashboard)\[orgSlug]\costing\standard-costs\
	                   1	D:\BOOKKEEPING\YourBooks\client\app\(dashboard)\[orgSlug]\costing\standard-costs\new\
	                   1	D:\BOOKKEEPING\YourBooks\client\app\(dashboard)\[orgSlug]\costing\variances\
	                   1	D:\BOOKKEEPING\YourBooks\client\app\(dashboard)\[orgSlug]\dashboard\
	                   1	D:\BOOKKEEPING\YourBooks\client\app\(dashboard)\[orgSlug]\dashboard\financial\
	                   0	D:\BOOKKEEPING\YourBooks\client\app\(dashboard)\[orgSlug]\general-ledger\
	                   1	D:\BOOKKEEPING\YourBooks\client\app\(dashboard)\[orgSlug]\general-ledger\chart-of-accounts\
	                   1	D:\BOOKKEEPING\YourBooks\client\app\(dashboard)\[orgSlug]\general-ledger\chart-of-accounts\[id]\
	                   1	D:\BOOKKEEPING\YourBooks\client\app\(dashboard)\[orgSlug]\general-ledger\journal-entries\
	                   1	D:\BOOKKEEPING\YourBooks\client\app\(dashboard)\[orgSlug]\general-ledger\journal-entries\list\
	                   1	D:\BOOKKEEPING\YourBooks\client\app\(dashboard)\[orgSlug]\integrations\
	                   1	D:\BOOKKEEPING\YourBooks\client\app\(dashboard)\[orgSlug]\integrations\webhooks\
	                   0	D:\BOOKKEEPING\YourBooks\client\app\(dashboard)\[orgSlug]\inventory\
	                   1	D:\BOOKKEEPING\YourBooks\client\app\(dashboard)\[orgSlug]\inventory\lots\
	                   1	D:\BOOKKEEPING\YourBooks\client\app\(dashboard)\[orgSlug]\inventory\products\
	                   1	D:\BOOKKEEPING\YourBooks\client\app\(dashboard)\[orgSlug]\inventory\valuations\
	                   0	D:\BOOKKEEPING\YourBooks\client\app\(dashboard)\[orgSlug]\mdm\
	                   1	D:\BOOKKEEPING\YourBooks\client\app\(dashboard)\[orgSlug]\mdm\discounts\
	                   1	D:\BOOKKEEPING\YourBooks\client\app\(dashboard)\[orgSlug]\payments\
	                   1	D:\BOOKKEEPING\YourBooks\client\app\(dashboard)\[orgSlug]\payments\customer\
	                   1	D:\BOOKKEEPING\YourBooks\client\app\(dashboard)\[orgSlug]\payments\vendor\
	                   1	D:\BOOKKEEPING\YourBooks\client\app\(dashboard)\[orgSlug]\payments\[id]\
	                   0	D:\BOOKKEEPING\YourBooks\client\app\(dashboard)\[orgSlug]\planning\
	                   1	D:\BOOKKEEPING\YourBooks\client\app\(dashboard)\[orgSlug]\planning\forecasts\
	                   1	D:\BOOKKEEPING\YourBooks\client\app\(dashboard)\[orgSlug]\planning\forecasts\new\
	                   1	D:\BOOKKEEPING\YourBooks\client\app\(dashboard)\[orgSlug]\planning\forecasts\[id]\
	                   1	D:\BOOKKEEPING\YourBooks\client\app\(dashboard)\[orgSlug]\planning\reorder-policies\
	                   1	D:\BOOKKEEPING\YourBooks\client\app\(dashboard)\[orgSlug]\planning\reorder-policies\new\
	                   1	D:\BOOKKEEPING\YourBooks\client\app\(dashboard)\[orgSlug]\planning\reorder-policies\[productId]\
	                   1	D:\BOOKKEEPING\YourBooks\client\app\(dashboard)\[orgSlug]\planning\safety-stock\
	                   1	D:\BOOKKEEPING\YourBooks\client\app\(dashboard)\[orgSlug]\planning\safety-stock\new\
	                   0	D:\BOOKKEEPING\YourBooks\client\app\(dashboard)\[orgSlug]\quality\
	                   1	D:\BOOKKEEPING\YourBooks\client\app\(dashboard)\[orgSlug]\quality\capa\
	                   1	D:\BOOKKEEPING\YourBooks\client\app\(dashboard)\[orgSlug]\quality\capa\new\
	                   1	D:\BOOKKEEPING\YourBooks\client\app\(dashboard)\[orgSlug]\quality\capa\[id]\
	                   1	D:\BOOKKEEPING\YourBooks\client\app\(dashboard)\[orgSlug]\quality\capa\[id]\edit\
	                   0	D:\BOOKKEEPING\YourBooks\client\app\(dashboard)\[orgSlug]\quality\capa\[id]\tasks\
	                   1	D:\BOOKKEEPING\YourBooks\client\app\(dashboard)\[orgSlug]\quality\capa\[id]\tasks\new\
	                   1	D:\BOOKKEEPING\YourBooks\client\app\(dashboard)\[orgSlug]\quality\coa\
	                   1	D:\BOOKKEEPING\YourBooks\client\app\(dashboard)\[orgSlug]\quality\holds\
	                   1	D:\BOOKKEEPING\YourBooks\client\app\(dashboard)\[orgSlug]\quality\holds\new\
	                   1	D:\BOOKKEEPING\YourBooks\client\app\(dashboard)\[orgSlug]\quality\holds\[id]\
	                   1	D:\BOOKKEEPING\YourBooks\client\app\(dashboard)\[orgSlug]\quality\inspections\
	                   1	D:\BOOKKEEPING\YourBooks\client\app\(dashboard)\[orgSlug]\quality\inspections\new\
	                   1	D:\BOOKKEEPING\YourBooks\client\app\(dashboard)\[orgSlug]\quality\ncr\
	                   1	D:\BOOKKEEPING\YourBooks\client\app\(dashboard)\[orgSlug]\quality\ncr\new\
	                   1	D:\BOOKKEEPING\YourBooks\client\app\(dashboard)\[orgSlug]\quality\ncr\[id]\
	                   0	D:\BOOKKEEPING\YourBooks\client\app\(dashboard)\[orgSlug]\reporting\
	                   1	D:\BOOKKEEPING\YourBooks\client\app\(dashboard)\[orgSlug]\reporting\dashboards\
	                   1	D:\BOOKKEEPING\YourBooks\client\app\(dashboard)\[orgSlug]\reporting\dashboards\[dashboardId]\
	                   1	D:\BOOKKEEPING\YourBooks\client\app\(dashboard)\[orgSlug]\reports\
	                   1	D:\BOOKKEEPING\YourBooks\client\app\(dashboard)\[orgSlug]\reports\aged-payables\
	                   1	D:\BOOKKEEPING\YourBooks\client\app\(dashboard)\[orgSlug]\reports\aged-receivables\
	                   1	D:\BOOKKEEPING\YourBooks\client\app\(dashboard)\[orgSlug]\reports\balance-sheet\
	                   1	D:\BOOKKEEPING\YourBooks\client\app\(dashboard)\[orgSlug]\reports\cash-flow\
	                   1	D:\BOOKKEEPING\YourBooks\client\app\(dashboard)\[orgSlug]\reports\general-ledger\
	                   1	D:\BOOKKEEPING\YourBooks\client\app\(dashboard)\[orgSlug]\reports\profit-loss\
	                   1	D:\BOOKKEEPING\YourBooks\client\app\(dashboard)\[orgSlug]\reports\trial-balance\
	                   0	D:\BOOKKEEPING\YourBooks\client\app\(dashboard)\[orgSlug]\security\
	                   1	D:\BOOKKEEPING\YourBooks\client\app\(dashboard)\[orgSlug]\security\audit-logs\
	                   1	D:\BOOKKEEPING\YourBooks\client\app\(dashboard)\[orgSlug]\services\
	                   1	D:\BOOKKEEPING\YourBooks\client\app\(dashboard)\[orgSlug]\services\bookings\
	                   1	D:\BOOKKEEPING\YourBooks\client\app\(dashboard)\[orgSlug]\services\deliveries\
	                   1	D:\BOOKKEEPING\YourBooks\client\app\(dashboard)\[orgSlug]\services\new\
	                   1	D:\BOOKKEEPING\YourBooks\client\app\(dashboard)\[orgSlug]\services\time\
	                   1	D:\BOOKKEEPING\YourBooks\client\app\(dashboard)\[orgSlug]\settings\
	                   1	D:\BOOKKEEPING\YourBooks\client\app\(dashboard)\[orgSlug]\settings\billing\
	                   1	D:\BOOKKEEPING\YourBooks\client\app\(dashboard)\[orgSlug]\settings\branches\
	                   1	D:\BOOKKEEPING\YourBooks\client\app\(dashboard)\[orgSlug]\settings\branches\new\
	                   1	D:\BOOKKEEPING\YourBooks\client\app\(dashboard)\[orgSlug]\settings\branches\[id]\
	                   1	D:\BOOKKEEPING\YourBooks\client\app\(dashboard)\[orgSlug]\settings\efris\
	                   1	D:\BOOKKEEPING\YourBooks\client\app\(dashboard)\[orgSlug]\settings\integrations\
	                   1	D:\BOOKKEEPING\YourBooks\client\app\(dashboard)\[orgSlug]\settings\integrations\new\
	                   1	D:\BOOKKEEPING\YourBooks\client\app\(dashboard)\[orgSlug]\settings\taxes\
	                   1	D:\BOOKKEEPING\YourBooks\client\app\(dashboard)\[orgSlug]\settings\taxes\agencies\
	                   1	D:\BOOKKEEPING\YourBooks\client\app\(dashboard)\[orgSlug]\settings\taxes\groups\
	                   1	D:\BOOKKEEPING\YourBooks\client\app\(dashboard)\[orgSlug]\settings\taxes\rates\
	                   1	D:\BOOKKEEPING\YourBooks\client\app\(dashboard)\[orgSlug]\settings\taxes\rates\new\
	                   0	D:\BOOKKEEPING\YourBooks\client\app\(dashboard)\[orgSlug]\settings\taxes\rates\[id]\
	                   1	D:\BOOKKEEPING\YourBooks\client\app\(dashboard)\[orgSlug]\settings\taxes\rates\[id]\edit\
	                   1	D:\BOOKKEEPING\YourBooks\client\app\(dashboard)\[orgSlug]\settings\users\
	                   0	D:\BOOKKEEPING\YourBooks\client\app\(dashboard)\[orgSlug]\tax\
	                   1	D:\BOOKKEEPING\YourBooks\client\app\(dashboard)\[orgSlug]\tax\e-invoicing\
	                   1	D:\BOOKKEEPING\YourBooks\client\app\(dashboard)\[orgSlug]\tax\exemptions\
	                   1	D:\BOOKKEEPING\YourBooks\client\app\(dashboard)\[orgSlug]\tax\exemptions\new\
	                   1	D:\BOOKKEEPING\YourBooks\client\app\(dashboard)\[orgSlug]\tax\jurisdictions\
	                   1	D:\BOOKKEEPING\YourBooks\client\app\(dashboard)\[orgSlug]\tax\localization\
	                   1	D:\BOOKKEEPING\YourBooks\client\app\(dashboard)\[orgSlug]\tax\rules\
	                   1	D:\BOOKKEEPING\YourBooks\client\app\(dashboard)\[orgSlug]\tax\rules\new\
	                   0	D:\BOOKKEEPING\YourBooks\client\app\(dashboard)\[orgSlug]\workflows\
	                   1	D:\BOOKKEEPING\YourBooks\client\app\(dashboard)\[orgSlug]\workflows\approvals\
	                   1	D:\BOOKKEEPING\YourBooks\client\app\(dashboard)\[orgSlug]\workflows\designer\
	                   0	D:\BOOKKEEPING\YourBooks\client\app\(dashboard)\`[orgSlug`]\
	                   0	D:\BOOKKEEPING\YourBooks\client\app\(dashboard)\`[orgSlug`]\accounts-receivable\
	                   0	D:\BOOKKEEPING\YourBooks\client\app\(dashboard)\`[orgSlug`]\accounts-receivable\invoices\
	                   0	D:\BOOKKEEPING\YourBooks\client\app\(dashboard)\`[orgSlug`]\accounts-receivable\invoices\new\
	                   0	D:\BOOKKEEPING\YourBooks\client\app\(public)\
	                   1	D:\BOOKKEEPING\YourBooks\client\app\(public)\about\
	                   1	D:\BOOKKEEPING\YourBooks\client\app\(public)\contact\
	                   1	D:\BOOKKEEPING\YourBooks\client\app\(public)\features\
	                   1	D:\BOOKKEEPING\YourBooks\client\app\(public)\pricing\
	                   1	D:\BOOKKEEPING\YourBooks\client\app\(public)\pricing\comparison\
	                   0	D:\BOOKKEEPING\YourBooks\client\app\api\
	*EXTRA Dir        -1	D:\BOOKKEEPING\client\app\api\test\
	                   0	D:\BOOKKEEPING\YourBooks\client\app\api\auth\
	                   1	D:\BOOKKEEPING\YourBooks\client\app\api\auth\login\
	                   1	D:\BOOKKEEPING\YourBooks\client\app\api\auth\logout\
	                   1	D:\BOOKKEEPING\YourBooks\client\app\api\auth\register\
	                   1	D:\BOOKKEEPING\YourBooks\client\app\api\auth\session\
	                   0	D:\BOOKKEEPING\YourBooks\client\app\api\debug\
	                   1	D:\BOOKKEEPING\YourBooks\client\app\api\debug\fix-onboarding\
	                   1	D:\BOOKKEEPING\YourBooks\client\app\api\debug\onboarding-status\
	                   0	D:\BOOKKEEPING\YourBooks\client\app\api\onboarding\
	                   1	D:\BOOKKEEPING\YourBooks\client\app\api\onboarding\business-setup\
	                   1	D:\BOOKKEEPING\YourBooks\client\app\api\onboarding\company-details\
	                   1	D:\BOOKKEEPING\YourBooks\client\app\api\onboarding\complete\
	                   1	D:\BOOKKEEPING\YourBooks\client\app\api\onboarding\seed-coa\
	                   1	D:\BOOKKEEPING\YourBooks\client\app\api\onboarding\setup\
	                   1	D:\BOOKKEEPING\YourBooks\client\app\api\onboarding\status\
	                   0	D:\BOOKKEEPING\YourBooks\client\app\api\orgs\
	                   0	D:\BOOKKEEPING\YourBooks\client\app\api\orgs\[orgSlug]\
	                   1	D:\BOOKKEEPING\YourBooks\client\app\api\orgs\[orgSlug]\audit-logs\
	                   1	D:\BOOKKEEPING\YourBooks\client\app\api\orgs\[orgSlug]\bank-accounts\
	                   1	D:\BOOKKEEPING\YourBooks\client\app\api\orgs\[orgSlug]\bank-accounts\[id]\
	                   1	D:\BOOKKEEPING\YourBooks\client\app\api\orgs\[orgSlug]\bank-transfers\
	                   1	D:\BOOKKEEPING\YourBooks\client\app\api\orgs\[orgSlug]\bills\
	                   1	D:\BOOKKEEPING\YourBooks\client\app\api\orgs\[orgSlug]\bills\[id]\
	                   1	D:\BOOKKEEPING\YourBooks\client\app\api\orgs\[orgSlug]\bills\[id]\efris\
	                   1	D:\BOOKKEEPING\YourBooks\client\app\api\orgs\[orgSlug]\chart-of-accounts\
	                   1	D:\BOOKKEEPING\YourBooks\client\app\api\orgs\[orgSlug]\chart-of-accounts\[id]\
	                   0	D:\BOOKKEEPING\YourBooks\client\app\api\orgs\[orgSlug]\coa\
	                   1	D:\BOOKKEEPING\YourBooks\client\app\api\orgs\[orgSlug]\coa\generate\
	                   1	D:\BOOKKEEPING\YourBooks\client\app\api\orgs\[orgSlug]\customers\
	                   1	D:\BOOKKEEPING\YourBooks\client\app\api\orgs\[orgSlug]\customers\[id]\
	                   1	D:\BOOKKEEPING\YourBooks\client\app\api\orgs\[orgSlug]\customers\[id]\credit-check\
	                   1	D:\BOOKKEEPING\YourBooks\client\app\api\orgs\[orgSlug]\customers\[id]\financials\
	                   0	D:\BOOKKEEPING\YourBooks\client\app\api\orgs\[orgSlug]\inventory\
	                   1	D:\BOOKKEEPING\YourBooks\client\app\api\orgs\[orgSlug]\inventory\goods-receipts\
	                   1	D:\BOOKKEEPING\YourBooks\client\app\api\orgs\[orgSlug]\inventory\goods-receipts\[id]\
	                   1	D:\BOOKKEEPING\YourBooks\client\app\api\orgs\[orgSlug]\inventory\products\
	                   1	D:\BOOKKEEPING\YourBooks\client\app\api\orgs\[orgSlug]\invites\
	                   1	D:\BOOKKEEPING\YourBooks\client\app\api\orgs\[orgSlug]\invoices\
	                   1	D:\BOOKKEEPING\YourBooks\client\app\api\orgs\[orgSlug]\invoices\analytics\
	                   1	D:\BOOKKEEPING\YourBooks\client\app\api\orgs\[orgSlug]\invoices\bulk-reminders\
	                   1	D:\BOOKKEEPING\YourBooks\client\app\api\orgs\[orgSlug]\invoices\validate\
	                   1	D:\BOOKKEEPING\YourBooks\client\app\api\orgs\[orgSlug]\invoices\[id]\
	                   1	D:\BOOKKEEPING\YourBooks\client\app\api\orgs\[orgSlug]\invoices\[id]\efris\
	                   1	D:\BOOKKEEPING\YourBooks\client\app\api\orgs\[orgSlug]\journal-entries\
	                   1	D:\BOOKKEEPING\YourBooks\client\app\api\orgs\[orgSlug]\journal-entries\bulk-approve\
	                   1	D:\BOOKKEEPING\YourBooks\client\app\api\orgs\[orgSlug]\journal-entries\export\
	                   0	D:\BOOKKEEPING\YourBooks\client\app\api\orgs\[orgSlug]\journal-entries\[id]\
	                   1	D:\BOOKKEEPING\YourBooks\client\app\api\orgs\[orgSlug]\journal-entries\[id]\reverse\
	                   0	D:\BOOKKEEPING\YourBooks\client\app\api\orgs\[orgSlug]\mdm\
	                   1	D:\BOOKKEEPING\YourBooks\client\app\api\orgs\[orgSlug]\mdm\discounts\
	                   1	D:\BOOKKEEPING\YourBooks\client\app\api\orgs\[orgSlug]\mdm\discounts\[id]\
	                   0	D:\BOOKKEEPING\YourBooks\client\app\api\orgs\[orgSlug]\members\
	                   0	D:\BOOKKEEPING\YourBooks\client\app\api\orgs\[orgSlug]\members\[userId]\
	                   1	D:\BOOKKEEPING\YourBooks\client\app\api\orgs\[orgSlug]\members\[userId]\roles\
	                   1	D:\BOOKKEEPING\YourBooks\client\app\api\orgs\[orgSlug]\payments\
	                   1	D:\BOOKKEEPING\YourBooks\client\app\api\orgs\[orgSlug]\payments\[id]\
	                   0	D:\BOOKKEEPING\YourBooks\client\app\api\orgs\[orgSlug]\price-lists\
	                   0	D:\BOOKKEEPING\YourBooks\client\app\api\orgs\[orgSlug]\price-lists\[priceListId]\
	                   0	D:\BOOKKEEPING\YourBooks\client\app\api\orgs\[orgSlug]\price-lists\[priceListId]\items\
	                   1	D:\BOOKKEEPING\YourBooks\client\app\api\orgs\[orgSlug]\price-lists\[priceListId]\items\[productId]\
	                   0	D:\BOOKKEEPING\YourBooks\client\app\api\orgs\[orgSlug]\products\
	                   0	D:\BOOKKEEPING\YourBooks\client\app\api\orgs\[orgSlug]\products\[productId]\
	                   1	D:\BOOKKEEPING\YourBooks\client\app\api\orgs\[orgSlug]\products\[productId]\efris\
	                   1	D:\BOOKKEEPING\YourBooks\client\app\api\orgs\[orgSlug]\products\[productId]\stock\
	                   0	D:\BOOKKEEPING\YourBooks\client\app\api\orgs\[orgSlug]\reports\
	                   1	D:\BOOKKEEPING\YourBooks\client\app\api\orgs\[orgSlug]\reports\aging\
	                   1	D:\BOOKKEEPING\YourBooks\client\app\api\orgs\[orgSlug]\reports\balance-sheet\
	                   1	D:\BOOKKEEPING\YourBooks\client\app\api\orgs\[orgSlug]\reports\cash-flow\
	                   1	D:\BOOKKEEPING\YourBooks\client\app\api\orgs\[orgSlug]\reports\profit-loss\
	                   1	D:\BOOKKEEPING\YourBooks\client\app\api\orgs\[orgSlug]\reports\trial-balance\
	                   1	D:\BOOKKEEPING\YourBooks\client\app\api\orgs\[orgSlug]\roles\
	                   0	D:\BOOKKEEPING\YourBooks\client\app\api\orgs\[orgSlug]\roles\[roleId]\
	                   1	D:\BOOKKEEPING\YourBooks\client\app\api\orgs\[orgSlug]\roles\[roleId]\permissions\
	                   1	D:\BOOKKEEPING\YourBooks\client\app\api\orgs\[orgSlug]\services\
	                   0	D:\BOOKKEEPING\YourBooks\client\app\api\orgs\[orgSlug]\settings\
	                   1	D:\BOOKKEEPING\YourBooks\client\app\api\orgs\[orgSlug]\settings\efris\
	                   1	D:\BOOKKEEPING\YourBooks\client\app\api\orgs\[orgSlug]\settings\efris\test\
	                   0	D:\BOOKKEEPING\YourBooks\client\app\api\orgs\[orgSlug]\tax\
	                   1	D:\BOOKKEEPING\YourBooks\client\app\api\orgs\[orgSlug]\tax\agencies\
	                   1	D:\BOOKKEEPING\YourBooks\client\app\api\orgs\[orgSlug]\tax\external-categories\
	                   1	D:\BOOKKEEPING\YourBooks\client\app\api\orgs\[orgSlug]\tax\groups\
	                   1	D:\BOOKKEEPING\YourBooks\client\app\api\orgs\[orgSlug]\tax\rates\
	                   1	D:\BOOKKEEPING\YourBooks\client\app\api\orgs\[orgSlug]\tax\rates\[id]\
	                   1	D:\BOOKKEEPING\YourBooks\client\app\api\orgs\[orgSlug]\tax\seed\
	                   1	D:\BOOKKEEPING\YourBooks\client\app\api\orgs\[orgSlug]\transactions\
	                   1	D:\BOOKKEEPING\YourBooks\client\app\api\orgs\[orgSlug]\transactions\[id]\
	                   1	D:\BOOKKEEPING\YourBooks\client\app\api\orgs\[orgSlug]\upload\
	                   1	D:\BOOKKEEPING\YourBooks\client\app\api\orgs\[orgSlug]\users\
	                   1	D:\BOOKKEEPING\YourBooks\client\app\api\orgs\[orgSlug]\vendors\
	                   1	D:\BOOKKEEPING\YourBooks\client\app\api\orgs\[orgSlug]\vendors\[id]\
	                   0	D:\BOOKKEEPING\YourBooks\client\app\api\planning\
	                   1	D:\BOOKKEEPING\YourBooks\client\app\api\planning\safety-stock\
	                   1	D:\BOOKKEEPING\YourBooks\client\app\api\planning\safety-stock\overview\
	                   0	D:\BOOKKEEPING\YourBooks\client\app\api\public\
	                   0	D:\BOOKKEEPING\YourBooks\client\app\api\public\v1\
	                   1	D:\BOOKKEEPING\YourBooks\client\app\api\public\v1\invoices\
	                   1	D:\BOOKKEEPING\YourBooks\client\app\api\public\v1\invoices\[id]\
	                   1	D:\BOOKKEEPING\YourBooks\client\app\api\public\v1\transactions\
	                   1	D:\BOOKKEEPING\YourBooks\client\app\api\system-settings\
	                   0	D:\BOOKKEEPING\YourBooks\client\app\api\[orgSlug]\
	                   1	D:\BOOKKEEPING\YourBooks\client\app\api\[orgSlug]\api-keys\
	                   1	D:\BOOKKEEPING\YourBooks\client\app\api\[orgSlug]\api-keys\[id]\
	                   1	D:\BOOKKEEPING\YourBooks\client\app\api\[orgSlug]\asset-categories\
	                   1	D:\BOOKKEEPING\YourBooks\client\app\api\[orgSlug]\assets\
	                   1	D:\BOOKKEEPING\YourBooks\client\app\api\[orgSlug]\assets\[id]\
	                   1	D:\BOOKKEEPING\YourBooks\client\app\api\[orgSlug]\assets\[id]\depreciation\
	                   1	D:\BOOKKEEPING\YourBooks\client\app\api\[orgSlug]\assets\[id]\dispose\
	                   1	D:\BOOKKEEPING\YourBooks\client\app\api\[orgSlug]\assets\[id]\maintenance\
	                   0	D:\BOOKKEEPING\YourBooks\client\app\api\[orgSlug]\bank-feeds\
	                   1	D:\BOOKKEEPING\YourBooks\client\app\api\[orgSlug]\bank-feeds\match\
	                   1	D:\BOOKKEEPING\YourBooks\client\app\api\[orgSlug]\bank-feeds\upload\
	                   0	D:\BOOKKEEPING\YourBooks\client\app\api\[orgSlug]\banking\
	                   1	D:\BOOKKEEPING\YourBooks\client\app\api\[orgSlug]\banking\accounts\
	                   1	D:\BOOKKEEPING\YourBooks\client\app\api\[orgSlug]\banking\reconciliation\
	                   1	D:\BOOKKEEPING\YourBooks\client\app\api\[orgSlug]\banking\transactions\
	                   1	D:\BOOKKEEPING\YourBooks\client\app\api\[orgSlug]\branches\
	                   1	D:\BOOKKEEPING\YourBooks\client\app\api\[orgSlug]\branches\[id]\
	                   1	D:\BOOKKEEPING\YourBooks\client\app\api\[orgSlug]\budgets\
	                   0	D:\BOOKKEEPING\YourBooks\client\app\api\[orgSlug]\costing\
	                   1	D:\BOOKKEEPING\YourBooks\client\app\api\[orgSlug]\costing\landed-costs\
	                   1	D:\BOOKKEEPING\YourBooks\client\app\api\[orgSlug]\costing\landed-costs\cost-types\
	                   1	D:\BOOKKEEPING\YourBooks\client\app\api\[orgSlug]\costing\landed-costs\impact-analysis\
	                   1	D:\BOOKKEEPING\YourBooks\client\app\api\[orgSlug]\costing\revaluations\
	                   1	D:\BOOKKEEPING\YourBooks\client\app\api\[orgSlug]\costing\revaluations\market-price\
	                   1	D:\BOOKKEEPING\YourBooks\client\app\api\[orgSlug]\costing\revaluations\preview\
	                   1	D:\BOOKKEEPING\YourBooks\client\app\api\[orgSlug]\costing\revaluations\reason-codes\
	                   0	D:\BOOKKEEPING\YourBooks\client\app\api\[orgSlug]\costing\revaluations\[id]\
	                   1	D:\BOOKKEEPING\YourBooks\client\app\api\[orgSlug]\costing\revaluations\[id]\approve\
	                   1	D:\BOOKKEEPING\YourBooks\client\app\api\[orgSlug]\costing\standard-costs\
	                   1	D:\BOOKKEEPING\YourBooks\client\app\api\[orgSlug]\costing\standard-costs\bom-rollup\
	                   1	D:\BOOKKEEPING\YourBooks\client\app\api\[orgSlug]\costing\standard-costs\mass-update\
	                   1	D:\BOOKKEEPING\YourBooks\client\app\api\[orgSlug]\costing\standard-costs\variance-analysis\
	                   1	D:\BOOKKEEPING\YourBooks\client\app\api\[orgSlug]\costing\variances\
	                   1	D:\BOOKKEEPING\YourBooks\client\app\api\[orgSlug]\costing\variances\analysis\
	                   1	D:\BOOKKEEPING\YourBooks\client\app\api\[orgSlug]\costing\variances\reason-codes\
	                   1	D:\BOOKKEEPING\YourBooks\client\app\api\[orgSlug]\credit-notes\
	                   1	D:\BOOKKEEPING\YourBooks\client\app\api\[orgSlug]\credit-notes\[id]\
	                   1	D:\BOOKKEEPING\YourBooks\client\app\api\[orgSlug]\credit-notes\[id]\apply\
	                   1	D:\BOOKKEEPING\YourBooks\client\app\api\[orgSlug]\credit-notes\[id]\approve\
	                   1	D:\BOOKKEEPING\YourBooks\client\app\api\[orgSlug]\credit-notes\[id]\efris\
	                   0	D:\BOOKKEEPING\YourBooks\client\app\api\[orgSlug]\crm\
	                   1	D:\BOOKKEEPING\YourBooks\client\app\api\[orgSlug]\crm\companies\
	                   1	D:\BOOKKEEPING\YourBooks\client\app\api\[orgSlug]\crm\contacts\
	                   1	D:\BOOKKEEPING\YourBooks\client\app\api\[orgSlug]\crm\opportunities\
	                   1	D:\BOOKKEEPING\YourBooks\client\app\api\[orgSlug]\crm\opportunities\[id]\
	                   0	D:\BOOKKEEPING\YourBooks\client\app\api\[orgSlug]\dashboard\
	                   1	D:\BOOKKEEPING\YourBooks\client\app\api\[orgSlug]\dashboard\financial\
	                   1	D:\BOOKKEEPING\YourBooks\client\app\api\[orgSlug]\dashboard\kpis\
	                   1	D:\BOOKKEEPING\YourBooks\client\app\api\[orgSlug]\debit-notes\
	                   1	D:\BOOKKEEPING\YourBooks\client\app\api\[orgSlug]\debit-notes\[id]\
	                   1	D:\BOOKKEEPING\YourBooks\client\app\api\[orgSlug]\debit-notes\[id]\approve\
	                   1	D:\BOOKKEEPING\YourBooks\client\app\api\[orgSlug]\debit-notes\[id]\efris\
	                   0	D:\BOOKKEEPING\YourBooks\client\app\api\[orgSlug]\depreciation\
	                   1	D:\BOOKKEEPING\YourBooks\client\app\api\[orgSlug]\depreciation\run-monthly\
	                   0	D:\BOOKKEEPING\YourBooks\client\app\api\[orgSlug]\documents\
	                   1	D:\BOOKKEEPING\YourBooks\client\app\api\[orgSlug]\documents\upload\
	                   0	D:\BOOKKEEPING\YourBooks\client\app\api\[orgSlug]\field-service\
	                   1	D:\BOOKKEEPING\YourBooks\client\app\api\[orgSlug]\field-service\work-orders\
	                   0	D:\BOOKKEEPING\YourBooks\client\app\api\[orgSlug]\hcm\
	                   1	D:\BOOKKEEPING\YourBooks\client\app\api\[orgSlug]\hcm\employees\
	                   1	D:\BOOKKEEPING\YourBooks\client\app\api\[orgSlug]\hcm\expense-claims\
	                   1	D:\BOOKKEEPING\YourBooks\client\app\api\[orgSlug]\hcm\leave-requests\
	                   1	D:\BOOKKEEPING\YourBooks\client\app\api\[orgSlug]\integrations\
	                   1	D:\BOOKKEEPING\YourBooks\client\app\api\[orgSlug]\integrations\[id]\
	                   1	D:\BOOKKEEPING\YourBooks\client\app\api\[orgSlug]\integrations\[id]\sync\
	                   0	D:\BOOKKEEPING\YourBooks\client\app\api\[orgSlug]\inventory\
	                   1	D:\BOOKKEEPING\YourBooks\client\app\api\[orgSlug]\inventory\adjustments\
	                   1	D:\BOOKKEEPING\YourBooks\client\app\api\[orgSlug]\inventory\cycle-counts\
	                   1	D:\BOOKKEEPING\YourBooks\client\app\api\[orgSlug]\inventory\movements\
	                   1	D:\BOOKKEEPING\YourBooks\client\app\api\[orgSlug]\inventory\products\
	                   1	D:\BOOKKEEPING\YourBooks\client\app\api\[orgSlug]\inventory\products\[id]\
	                   1	D:\BOOKKEEPING\YourBooks\client\app\api\[orgSlug]\inventory\products\[id]\activity\
	                   0	D:\BOOKKEEPING\YourBooks\client\app\api\[orgSlug]\localization\
	                   1	D:\BOOKKEEPING\YourBooks\client\app\api\[orgSlug]\localization\config\
	                   0	D:\BOOKKEEPING\YourBooks\client\app\api\[orgSlug]\maintenance\
	                   1	D:\BOOKKEEPING\YourBooks\client\app\api\[orgSlug]\maintenance\work-orders\
	                   0	D:\BOOKKEEPING\YourBooks\client\app\api\[orgSlug]\manufacturing\
	                   1	D:\BOOKKEEPING\YourBooks\client\app\api\[orgSlug]\manufacturing\assembly\
	                   1	D:\BOOKKEEPING\YourBooks\client\app\api\[orgSlug]\manufacturing\boms\
	                   1	D:\BOOKKEEPING\YourBooks\client\app\api\[orgSlug]\manufacturing\work-orders\
	                   0	D:\BOOKKEEPING\YourBooks\client\app\api\[orgSlug]\manufacturing\work-orders\[workOrderId]\
	                   1	D:\BOOKKEEPING\YourBooks\client\app\api\[orgSlug]\manufacturing\work-orders\[workOrderId]\issue\
	                   1	D:\BOOKKEEPING\YourBooks\client\app\api\[orgSlug]\manufacturing\work-orders\[workOrderId]\receive\
	                   0	D:\BOOKKEEPING\YourBooks\client\app\api\[orgSlug]\mdm\
	                   1	D:\BOOKKEEPING\YourBooks\client\app\api\[orgSlug]\mdm\price-lists\
	                   1	D:\BOOKKEEPING\YourBooks\client\app\api\[orgSlug]\organization\
	                   1	D:\BOOKKEEPING\YourBooks\client\app\api\[orgSlug]\organization\business-setup\
	                   1	D:\BOOKKEEPING\YourBooks\client\app\api\[orgSlug]\organization\package\
	                   0	D:\BOOKKEEPING\YourBooks\client\app\api\[orgSlug]\payments\
	                   0	D:\BOOKKEEPING\YourBooks\client\app\api\[orgSlug]\payments\momo\
	                   1	D:\BOOKKEEPING\YourBooks\client\app\api\[orgSlug]\payments\momo\initiate\
	                   1	D:\BOOKKEEPING\YourBooks\client\app\api\[orgSlug]\payments\momo\webhook\
	                   0	D:\BOOKKEEPING\YourBooks\client\app\api\[orgSlug]\planning\
	                   1	D:\BOOKKEEPING\YourBooks\client\app\api\[orgSlug]\planning\forecasts\
	                   1	D:\BOOKKEEPING\YourBooks\client\app\api\[orgSlug]\planning\forecasts\enhanced\
	                   1	D:\BOOKKEEPING\YourBooks\client\app\api\[orgSlug]\planning\forecasts\simple\
	                   1	D:\BOOKKEEPING\YourBooks\client\app\api\[orgSlug]\planning\forecasts\[id]\
	                   1	D:\BOOKKEEPING\YourBooks\client\app\api\[orgSlug]\planning\reorder-policies\
	                   1	D:\BOOKKEEPING\YourBooks\client\app\api\[orgSlug]\planning\reorder-policies\[policyId]\
	                   1	D:\BOOKKEEPING\YourBooks\client\app\api\[orgSlug]\planning\safety-stock\
	                   0	D:\BOOKKEEPING\YourBooks\client\app\api\[orgSlug]\products\
	                   1	D:\BOOKKEEPING\YourBooks\client\app\api\[orgSlug]\products\[productId]\
	                   1	D:\BOOKKEEPING\YourBooks\client\app\api\[orgSlug]\projects\
	                   0	D:\BOOKKEEPING\YourBooks\client\app\api\[orgSlug]\quality\
	                   1	D:\BOOKKEEPING\YourBooks\client\app\api\[orgSlug]\quality\capa\
	                   1	D:\BOOKKEEPING\YourBooks\client\app\api\[orgSlug]\quality\capa\config\
	                   1	D:\BOOKKEEPING\YourBooks\client\app\api\[orgSlug]\quality\capa\convert\
	                   1	D:\BOOKKEEPING\YourBooks\client\app\api\[orgSlug]\quality\capa\tasks\
	                   1	D:\BOOKKEEPING\YourBooks\client\app\api\[orgSlug]\quality\capa\tasks\[id]\
	                   1	D:\BOOKKEEPING\YourBooks\client\app\api\[orgSlug]\quality\capa\[id]\
	                   1	D:\BOOKKEEPING\YourBooks\client\app\api\[orgSlug]\quality\holds\
	                   0	D:\BOOKKEEPING\YourBooks\client\app\api\[orgSlug]\quality\holds\[id]\
	                   1	D:\BOOKKEEPING\YourBooks\client\app\api\[orgSlug]\quality\holds\[id]\release\
	                   1	D:\BOOKKEEPING\YourBooks\client\app\api\[orgSlug]\quality\inspections\
	                   0	D:\BOOKKEEPING\YourBooks\client\app\api\[orgSlug]\quality\inspections\[id]\
	                   1	D:\BOOKKEEPING\YourBooks\client\app\api\[orgSlug]\quality\inspections\[id]\complete\
	                   1	D:\BOOKKEEPING\YourBooks\client\app\api\[orgSlug]\quality\ncr\
	                   1	D:\BOOKKEEPING\YourBooks\client\app\api\[orgSlug]\quality\ncr\[id]\
	                   1	D:\BOOKKEEPING\YourBooks\client\app\api\[orgSlug]\recurring-executions\
	                   1	D:\BOOKKEEPING\YourBooks\client\app\api\[orgSlug]\recurring-executions\[executionId]\
	                   1	D:\BOOKKEEPING\YourBooks\client\app\api\[orgSlug]\recurring-executions\[executionId]\approve\
	                   1	D:\BOOKKEEPING\YourBooks\client\app\api\[orgSlug]\recurring-executions\[executionId]\reject\
	                   1	D:\BOOKKEEPING\YourBooks\client\app\api\[orgSlug]\recurring-templates\
	                   1	D:\BOOKKEEPING\YourBooks\client\app\api\[orgSlug]\recurring-templates\[id]\
	                   1	D:\BOOKKEEPING\YourBooks\client\app\api\[orgSlug]\recurring-templates\[id]\run\
	                   0	D:\BOOKKEEPING\YourBooks\client\app\api\[orgSlug]\reporting\
	                   1	D:\BOOKKEEPING\YourBooks\client\app\api\[orgSlug]\reporting\dashboards\
	                   1	D:\BOOKKEEPING\YourBooks\client\app\api\[orgSlug]\reporting\dashboards\[dashboardId]\
	                   1	D:\BOOKKEEPING\YourBooks\client\app\api\[orgSlug]\reporting\dashboards\[dashboardId]\widgets\
	                   1	D:\BOOKKEEPING\YourBooks\client\app\api\[orgSlug]\reporting\reports\
	                   0	D:\BOOKKEEPING\YourBooks\client\app\api\[orgSlug]\reports\
	                   1	D:\BOOKKEEPING\YourBooks\client\app\api\[orgSlug]\reports\assets\
	                   0	D:\BOOKKEEPING\YourBooks\client\app\api\[orgSlug]\security\
	                   1	D:\BOOKKEEPING\YourBooks\client\app\api\[orgSlug]\security\audit-logs\
	                   0	D:\BOOKKEEPING\YourBooks\client\app\api\[orgSlug]\services\
	                   1	D:\BOOKKEEPING\YourBooks\client\app\api\[orgSlug]\services\catalog\
	                   1	D:\BOOKKEEPING\YourBooks\client\app\api\[orgSlug]\services\metrics\
	                   0	D:\BOOKKEEPING\YourBooks\client\app\api\[orgSlug]\tax\
	                   1	D:\BOOKKEEPING\YourBooks\client\app\api\[orgSlug]\tax\calculate-wht\
	                   1	D:\BOOKKEEPING\YourBooks\client\app\api\[orgSlug]\tax\compliance-pack\
	                   0	D:\BOOKKEEPING\YourBooks\client\app\api\[orgSlug]\tax\e-invoicing\
	                   1	D:\BOOKKEEPING\YourBooks\client\app\api\[orgSlug]\tax\e-invoicing\config\
	                   1	D:\BOOKKEEPING\YourBooks\client\app\api\[orgSlug]\tax\exemptions\
	                   1	D:\BOOKKEEPING\YourBooks\client\app\api\[orgSlug]\tax\exemptions\health\
	                   1	D:\BOOKKEEPING\YourBooks\client\app\api\[orgSlug]\tax\jurisdictions\
	                   1	D:\BOOKKEEPING\YourBooks\client\app\api\[orgSlug]\tax\jurisdictions\report\
	                   1	D:\BOOKKEEPING\YourBooks\client\app\api\[orgSlug]\tax\rules\
	                   1	D:\BOOKKEEPING\YourBooks\client\app\api\[orgSlug]\tax\vat-return\
	                   1	D:\BOOKKEEPING\YourBooks\client\app\api\[orgSlug]\tax\wht-return\
	                   1	D:\BOOKKEEPING\YourBooks\client\app\api\[orgSlug]\test\
	                   1	D:\BOOKKEEPING\YourBooks\client\app\api\[orgSlug]\units-of-measure\
	                   0	D:\BOOKKEEPING\YourBooks\client\app\api\[orgSlug]\warehouse\
	                   1	D:\BOOKKEEPING\YourBooks\client\app\api\[orgSlug]\warehouse\bins\
	                   1	D:\BOOKKEEPING\YourBooks\client\app\api\[orgSlug]\warehouse\lots\
	                   1	D:\BOOKKEEPING\YourBooks\client\app\api\[orgSlug]\warehouse\serials\
	                   1	D:\BOOKKEEPING\YourBooks\client\app\api\[orgSlug]\warehouse\transfer-orders\
	                   0	D:\BOOKKEEPING\YourBooks\client\app\api\[orgSlug]\warehouse\transfer-orders\[transferOrderId]\
	                   1	D:\BOOKKEEPING\YourBooks\client\app\api\[orgSlug]\warehouse\transfer-orders\[transferOrderId]\receive\
	                   1	D:\BOOKKEEPING\YourBooks\client\app\api\[orgSlug]\warehouse\transfer-orders\[transferOrderId]\ship\
	                   1	D:\BOOKKEEPING\YourBooks\client\app\api\[orgSlug]\warehouse\warehouses\
	                   0	D:\BOOKKEEPING\YourBooks\client\app\api\[orgSlug]\workflows\
	                   1	D:\BOOKKEEPING\YourBooks\client\app\api\[orgSlug]\workflows\approval-requests\
	                   0	D:\BOOKKEEPING\YourBooks\client\app\api\[orgSlug]\workflows\approval-requests\[id]\
	                   1	D:\BOOKKEEPING\YourBooks\client\app\api\[orgSlug]\workflows\approval-requests\[id]\action\
	                   0	D:\BOOKKEEPING\YourBooks\client\app\[orgSlug]\
	                   1	D:\BOOKKEEPING\YourBooks\client\app\[orgSlug]\asset-categories\
	                   1	D:\BOOKKEEPING\YourBooks\client\app\[orgSlug]\bank-feeds\
	                   1	D:\BOOKKEEPING\YourBooks\client\app\[orgSlug]\bank-feeds\[id]\
	                   0	D:\BOOKKEEPING\YourBooks\client\app\[orgSlug]\banking\
	                   1	D:\BOOKKEEPING\YourBooks\client\app\[orgSlug]\banking\reconciliation\
	                   1	D:\BOOKKEEPING\YourBooks\client\app\[orgSlug]\budgets\
	                   1	D:\BOOKKEEPING\YourBooks\client\app\[orgSlug]\credit-notes\
	                   1	D:\BOOKKEEPING\YourBooks\client\app\[orgSlug]\credit-notes\new\
	                   1	D:\BOOKKEEPING\YourBooks\client\app\[orgSlug]\credit-notes\[id]\
	                   0	D:\BOOKKEEPING\YourBooks\client\app\[orgSlug]\crm\
	                   1	D:\BOOKKEEPING\YourBooks\client\app\[orgSlug]\crm\companies\
	                   1	D:\BOOKKEEPING\YourBooks\client\app\[orgSlug]\crm\companies\new\
	                   1	D:\BOOKKEEPING\YourBooks\client\app\[orgSlug]\crm\companies\[id]\
	                   1	D:\BOOKKEEPING\YourBooks\client\app\[orgSlug]\crm\contacts\
	                   1	D:\BOOKKEEPING\YourBooks\client\app\[orgSlug]\crm\opportunities\
	                   1	D:\BOOKKEEPING\YourBooks\client\app\[orgSlug]\crm\opportunities\new\
	                   1	D:\BOOKKEEPING\YourBooks\client\app\[orgSlug]\crm\opportunities\[id]\
	                   1	D:\BOOKKEEPING\YourBooks\client\app\[orgSlug]\debit-notes\
	                   1	D:\BOOKKEEPING\YourBooks\client\app\[orgSlug]\debit-notes\new\
	                   1	D:\BOOKKEEPING\YourBooks\client\app\[orgSlug]\debit-notes\[id]\
	                   1	D:\BOOKKEEPING\YourBooks\client\app\[orgSlug]\documents\
	                   1	D:\BOOKKEEPING\YourBooks\client\app\[orgSlug]\documents\[id]\
	                   0	D:\BOOKKEEPING\YourBooks\client\app\[orgSlug]\field-service\
	                   1	D:\BOOKKEEPING\YourBooks\client\app\[orgSlug]\field-service\work-orders\
	                   1	D:\BOOKKEEPING\YourBooks\client\app\[orgSlug]\fixed-assets\
	                   1	D:\BOOKKEEPING\YourBooks\client\app\[orgSlug]\fixed-assets\new\
	                   1	D:\BOOKKEEPING\YourBooks\client\app\[orgSlug]\fixed-assets\[id]\
	                   1	D:\BOOKKEEPING\YourBooks\client\app\[orgSlug]\fixed-assets\[id]\dispose\
	                   0	D:\BOOKKEEPING\YourBooks\client\app\[orgSlug]\fixed-assets\[id]\maintenance\
	                   1	D:\BOOKKEEPING\YourBooks\client\app\[orgSlug]\fixed-assets\[id]\maintenance\new\
	                   0	D:\BOOKKEEPING\YourBooks\client\app\[orgSlug]\hcm\
	                   1	D:\BOOKKEEPING\YourBooks\client\app\[orgSlug]\hcm\employees\
	                   1	D:\BOOKKEEPING\YourBooks\client\app\[orgSlug]\hcm\expense-claims\
	                   1	D:\BOOKKEEPING\YourBooks\client\app\[orgSlug]\hcm\leave-requests\
	                   0	D:\BOOKKEEPING\YourBooks\client\app\[orgSlug]\inventory\
	                   1	D:\BOOKKEEPING\YourBooks\client\app\[orgSlug]\inventory\adjustments\
	                   1	D:\BOOKKEEPING\YourBooks\client\app\[orgSlug]\inventory\cycle-counts\
	                   1	D:\BOOKKEEPING\YourBooks\client\app\[orgSlug]\inventory\goods-receipts\
	                   1	D:\BOOKKEEPING\YourBooks\client\app\[orgSlug]\inventory\goods-receipts\new\
	                   1	D:\BOOKKEEPING\YourBooks\client\app\[orgSlug]\inventory\goods-receipts\[id]\
	                   1	D:\BOOKKEEPING\YourBooks\client\app\[orgSlug]\inventory\movements\
	                   0	D:\BOOKKEEPING\YourBooks\client\app\[orgSlug]\inventory\products\
	                   1	D:\BOOKKEEPING\YourBooks\client\app\[orgSlug]\inventory\products\new\
	                   1	D:\BOOKKEEPING\YourBooks\client\app\[orgSlug]\inventory\products\[id]\
	                   0	D:\BOOKKEEPING\YourBooks\client\app\[orgSlug]\maintenance\
	                   1	D:\BOOKKEEPING\YourBooks\client\app\[orgSlug]\maintenance\work-orders\
	                   0	D:\BOOKKEEPING\YourBooks\client\app\[orgSlug]\manufacturing\
	                   1	D:\BOOKKEEPING\YourBooks\client\app\[orgSlug]\manufacturing\assembly\
	                   1	D:\BOOKKEEPING\YourBooks\client\app\[orgSlug]\manufacturing\boms\
	                   1	D:\BOOKKEEPING\YourBooks\client\app\[orgSlug]\manufacturing\work-orders\
	                   0	D:\BOOKKEEPING\YourBooks\client\app\[orgSlug]\mdm\
	                   1	D:\BOOKKEEPING\YourBooks\client\app\[orgSlug]\mdm\price-lists\
	                   1	D:\BOOKKEEPING\YourBooks\client\app\[orgSlug]\projects\
	                   1	D:\BOOKKEEPING\YourBooks\client\app\[orgSlug]\projects\new\
	                   1	D:\BOOKKEEPING\YourBooks\client\app\[orgSlug]\projects\[id]\
	                   1	D:\BOOKKEEPING\YourBooks\client\app\[orgSlug]\recurring-executions\
	                   1	D:\BOOKKEEPING\YourBooks\client\app\[orgSlug]\recurring-executions\[executionId]\
	                   1	D:\BOOKKEEPING\YourBooks\client\app\[orgSlug]\recurring-templates\
	                   1	D:\BOOKKEEPING\YourBooks\client\app\[orgSlug]\recurring-templates\new\
	                   1	D:\BOOKKEEPING\YourBooks\client\app\[orgSlug]\recurring-templates\[id]\
	                   1	D:\BOOKKEEPING\YourBooks\client\app\[orgSlug]\recurring-templates\[id]\edit\
	                   0	D:\BOOKKEEPING\YourBooks\client\app\[orgSlug]\reporting\
	                   1	D:\BOOKKEEPING\YourBooks\client\app\[orgSlug]\reporting\reports\
	                   0	D:\BOOKKEEPING\YourBooks\client\app\[orgSlug]\reports\
	                   1	D:\BOOKKEEPING\YourBooks\client\app\[orgSlug]\reports\asset-register\
	                   0	D:\BOOKKEEPING\YourBooks\client\app\[orgSlug]\warehouse\
	                   1	D:\BOOKKEEPING\YourBooks\client\app\[orgSlug]\warehouse\transfer-orders\
	                   1	D:\BOOKKEEPING\YourBooks\client\app\[orgSlug]\warehouse\warehouses\

------------------------------------------------------------------------------

               Total    Copied   Skipped  Mismatch    FAILED    Extras
    Dirs :       467         0       467         0         0         1
   Files :       378         0       378         0         0         0
   Bytes :    2.99 m         0    2.99 m         0         0         0
   Times :   0:00:00   0:00:00                       0:00:00   0:00:00
   Ended : Thursday, January 29, 2026 4:44:15 PM

