
-------------------------------------------------------------------------------
   ROBOCOPY     ::     Robust File Copy for Windows                              
-------------------------------------------------------------------------------

  Started : Thursday, January 29, 2026 4:44:26 PM
   Source : D:\BOOKKEEPING\YourBooks\client\components\
     Dest : D:\BOOKKEEPING\client\components\

    Files : *.*
	    
  Options : *.* /S /E /DCOPY:DA /COPY:DAT /NP /XO /R:0 /W:0 

------------------------------------------------------------------------------

	                   2	D:\BOOKKEEPING\YourBooks\client\components\
	                   4	D:\BOOKKEEPING\YourBooks\client\components\costing\
	                   1	D:\BOOKKEEPING\YourBooks\client\components\efris\
	                  14	D:\BOOKKEEPING\YourBooks\client\components\ui\

------------------------------------------------------------------------------

               Total    Copied   Skipped  Mismatch    FAILED    Extras
    Dirs :         4         0         4         0         0         0
   Files :        21         0        21         0         0         0
   Bytes :    70.8 k         0    70.8 k         0         0         0
   Times :   0:00:00   0:00:00                       0:00:00   0:00:00
   Ended : Thursday, January 29, 2026 4:44:26 PM

